<?xml version="1.0" encoding="UTF-8"?>
<testng-results ignored="0" total="1" passed="1" failed="0" skipped="0">
  <reporter-output>
  </reporter-output>
  <suite started-at="2026-05-12T10:48:06 IST" name="Default suite" finished-at="2026-05-12T10:48:29 IST" duration-ms="22753">
    <groups>
    </groups>
    <test started-at="2026-05-12T10:48:06 IST" name="Default test" finished-at="2026-05-12T10:48:29 IST" duration-ms="22753">
      <class name="testCases.TC002_AccountRegistration">
        <test-method is-config="true" signature="setup()[pri:0, instance:testCases.TC002_AccountRegistration@16293aa2]" started-at="2026-05-12T10:48:06 IST" name="setup" finished-at="2026-05-12T10:48:25 IST" duration-ms="18612" status="PASS">
          <reporter-output>
          </reporter-output>
        </test-method> <!-- setup -->
        <test-method signature="account_registration()[pri:0, instance:testCases.TC002_AccountRegistration@16293aa2]" started-at="2026-05-12T10:48:25 IST" name="account_registration" finished-at="2026-05-12T10:48:29 IST" duration-ms="4002" status="PASS">
          <reporter-output>
          </reporter-output>
        </test-method> <!-- account_registration -->
      </class> <!-- testCases.TC002_AccountRegistration -->
    </test> <!-- Default test -->
  </suite> <!-- Default suite -->
</testng-results>
