<?xml version="1.0" encoding="UTF-8"?>
<testng-results ignored="0" total="1" passed="1" failed="0" skipped="0">
  <reporter-output>
  </reporter-output>
  <suite started-at="2026-05-08T16:10:30 IST" name="Default suite" finished-at="2026-05-08T16:10:56 IST" duration-ms="26365">
    <groups>
    </groups>
    <test started-at="2026-05-08T16:10:30 IST" name="Default test" finished-at="2026-05-08T16:10:56 IST" duration-ms="26365">
      <class name="testCases.TC001_HomePageTest">
        <test-method is-config="true" signature="setup()[pri:0, instance:testCases.TC001_HomePageTest@16293aa2]" started-at="2026-05-08T16:10:30 IST" name="setup" finished-at="2026-05-08T16:10:48 IST" duration-ms="17627" status="PASS">
          <reporter-output>
          </reporter-output>
        </test-method> <!-- setup -->
        <test-method signature="homepagelinks()[pri:0, instance:testCases.TC001_HomePageTest@16293aa2]" started-at="2026-05-08T16:10:48 IST" name="homepagelinks" finished-at="2026-05-08T16:10:56 IST" duration-ms="8594" status="PASS">
          <reporter-output>
          </reporter-output>
        </test-method> <!-- homepagelinks -->
      </class> <!-- testCases.TC001_HomePageTest -->
    </test> <!-- Default test -->
  </suite> <!-- Default suite -->
</testng-results>
